<?xml version="1.0" encoding="UTF-8"?>
<!-- Generated by org.testng.reporters.JUnitReportReporter -->
<testsuite hostname="LAPTOP-FH2D4900" failures="0" tests="1" name="com.crm.zohocrm.testscripts.TC008" time="9.200" errors="0" timestamp="2021-03-16T10:29:08 IST" skipped="0">
  <testcase classname="com.crm.zohocrm.testscripts.TC008" name="PotentialCampaign" time="9.200"/>
  <system-out/>
</testsuite> <!-- com.crm.zohocrm.testscripts.TC008 -->
