<?xml version="1.0" encoding="UTF-8"?>
<!-- Generated by org.testng.reporters.JUnitReportReporter -->
<testsuite hostname="LAPTOP-FH2D4900" failures="0" tests="1" name="com.crm.zohocrm.testscripts.TC012" time="7.477" errors="0" timestamp="2021-03-16T10:51:36 IST" skipped="0">
  <testcase classname="com.crm.zohocrm.testscripts.TC012" name="deleteCampaignCheck" time="7.477"/>
  <system-out/>
</testsuite> <!-- com.crm.zohocrm.testscripts.TC012 -->
