<?xml version="1.0" encoding="UTF-8"?>
<!-- Generated by org.testng.reporters.JUnitReportReporter -->
<testsuite hostname="LAPTOP-FH2D4900" failures="0" tests="1" name="com.crm.zohocrm.testscripts.TC002" time="8.093" errors="0" timestamp="2021-03-11T13:16:53 IST" skipped="0">
  <testcase classname="com.crm.zohocrm.testscripts.TC002" name="editCampaign" time="8.093"/>
  <system-out/>
</testsuite> <!-- com.crm.zohocrm.testscripts.TC002 -->
