<?xml version="1.0" encoding="UTF-8"?>
<!-- Generated by org.testng.reporters.JUnitReportReporter -->
<testsuite hostname="LAPTOP-FH2D4900" failures="0" tests="1" name="com.crm.zohocrm.testscripts.TC005" time="7.235" errors="0" timestamp="2021-03-16T11:03:27 IST" skipped="0">
  <testcase classname="com.crm.zohocrm.testscripts.TC005" name="cloneCampaignVerify" time="7.235"/>
  <system-out/>
</testsuite> <!-- com.crm.zohocrm.testscripts.TC005 -->
