<?xml version="1.0" encoding="UTF-8"?>
<!-- Generated by org.testng.reporters.JUnitReportReporter -->
<testsuite hostname="LAPTOP-FH2D4900" failures="0" tests="1" name="com.crm.zohocrm.testscripts.TC001" time="7.961" errors="0" timestamp="2021-03-10T16:02:17 IST" skipped="0">
  <testcase classname="com.crm.zohocrm.testscripts.TC001" name="testCampaignIsDisplayed" time="7.961"/>
  <system-out/>
</testsuite> <!-- com.crm.zohocrm.testscripts.TC001 -->
