<?xml version="1.0" encoding="UTF-8"?>
<!-- Generated by org.testng.reporters.JUnitReportReporter -->
<testsuite hostname="LAPTOP-FH2D4900" failures="0" tests="1" name="com.crm.zohocrm.testscripts.TC002" time="6.669" errors="0" timestamp="2021-03-16T11:38:18 IST" skipped="0">
  <testcase classname="com.crm.zohocrm.testscripts.TC002" name="editCampaign" time="6.669"/>
  <system-out/>
</testsuite> <!-- com.crm.zohocrm.testscripts.TC002 -->
