<?xml version="1.0" encoding="UTF-8"?>
<!-- Generated by org.testng.reporters.JUnitReportReporter -->
<testsuite hostname="LAPTOP-FH2D4900" failures="0" tests="1" name="com.crm.zohocrm.testscripts.TC006" time="8.494" errors="0" timestamp="2021-03-16T18:50:08 IST" skipped="0">
  <testcase classname="com.crm.zohocrm.testscripts.TC006" name="printCampaign" time="8.494"/>
  <system-out/>
</testsuite> <!-- com.crm.zohocrm.testscripts.TC006 -->
