<?xml version="1.0" encoding="UTF-8"?>
<!-- Generated by org.testng.reporters.JUnitReportReporter -->
<testsuite hostname="LAPTOP-FH2D4900" failures="0" tests="1" name="com.crm.zohocrm.testscripts.TC007" time="6.005" errors="0" timestamp="2021-03-16T12:13:54 IST" skipped="0">
  <testcase classname="com.crm.zohocrm.testscripts.TC007" name="newTaskCampaign" time="6.005"/>
  <system-out/>
</testsuite> <!-- com.crm.zohocrm.testscripts.TC007 -->
